<?xml version="1.0" encoding="UTF-8"?>
<!-- Generated by org.testng.reporters.JUnitXMLReporter -->
<testsuite ignored="0" hostname="INHYDLRGOVINDU" failures="0" tests="9" name="Default test" time="8.906" errors="0" timestamp="2020-10-13T15:52:22 IST">
  <testcase classname="com.Agility.ComplianceSC_Tests.SanctionedCountryTestCases" name="SC_CoordinatorAuthentication" time="6.058"/>
  <testcase classname="com.Agility.ComplianceSC_Tests.SanctionedCountryTestCases" name="SC_CreateSC_Request" time="0.682"/>
  <testcase classname="com.Agility.ComplianceSC_Tests.SanctionedCountryTestCases" name="SaveSectionA" time="0.436"/>
  <testcase classname="com.Agility.ComplianceSC_Tests.SanctionedCountryTestCases" name="CompleteSectionA" time="0.285"/>
  <testcase classname="com.Agility.ComplianceSC_Tests.SanctionedCountryTestCases" name="SendToScreener" time="0.293"/>
  <testcase classname="com.Agility.ComplianceSC_Tests.SanctionedCountryTestCases" name="SC_ScreenerAuthentication" time="0.107"/>
  <testcase classname="com.Agility.ComplianceSC_Tests.SanctionedCountryTestCases" name="SaveSecB" time="0.132"/>
  <testcase classname="com.Agility.ComplianceSC_Tests.SanctionedCountryTestCases" name="CompleteSecB" time="0.144"/>
  <testcase classname="com.Agility.ComplianceSC_Tests.SanctionedCountryTestCases" name="ApproveRequest" time="0.106"/>
</testsuite> <!-- Default test -->
