<?xml version="1.0" encoding="UTF-8"?>
<!-- Generated by org.testng.reporters.JUnitXMLReporter -->
<testsuite ignored="0" hostname="INHYDLRGOVINDU" failures="0" tests="5" name="Default test" time="4.496" errors="0" timestamp="2020-10-06T17:58:12 IST">
  <testcase classname="com.Agility.ComplianceSC_Tests.SanctionedCountryTestCases" name="SC_CoordinatorAuthentication" time="2.846"/>
  <testcase classname="com.Agility.ComplianceSC_Tests.SanctionedCountryTestCases" name="SC_CreateSC_Request" time="0.142"/>
  <testcase classname="com.Agility.ComplianceSC_Tests.SanctionedCountryTestCases" name="SaveSectionA" time="0.607"/>
  <testcase classname="com.Agility.ComplianceSC_Tests.SanctionedCountryTestCases" name="CompleteSectionA" time="0.391"/>
  <testcase classname="com.Agility.ComplianceSC_Tests.SanctionedCountryTestCases" name="SendToScreener" time="0.21"/>
</testsuite> <!-- Default test -->
