<?xml version="1.0" encoding="UTF-8"?>
<testng-results ignored="0" total="9" passed="9" failed="0" skipped="0">
  <reporter-output>
  </reporter-output>
  <suite started-at="2020-10-13T19:12:36 IST" name="RC_API_Suite" finished-at="2020-10-13T19:12:43 IST" duration-ms="6988">
    <groups>
    </groups>
    <test started-at="2020-10-13T19:12:36 IST" name="Test" finished-at="2020-10-13T19:12:43 IST" duration-ms="6988">
      <class name="com.Agility.ComplianceSC_Tests.SanctionedCountryTestCases">
        <test-method signature="SC_CoordinatorAuthentication(com.Agility.ComplianceSC_RequestPOJO.AuthenticateData)[pri:1, instance:com.Agility.ComplianceSC_Tests.SanctionedCountryTestCases@7c51f34b]" started-at="2020-10-13T19:12:36 IST" name="SC_CoordinatorAuthentication" data-provider="RC_test_data_provider" finished-at="2020-10-13T19:12:41 IST" duration-ms="5085" status="PASS">
          <params>
            <param index="0">
              <value>
                <![CDATA[com.Agility.ComplianceSC_RequestPOJO.AuthenticateData@23bff419]]>
              </value>
            </param>
          </params>
          <reporter-output>
          </reporter-output>
        </test-method> <!-- SC_CoordinatorAuthentication -->
        <test-method signature="SC_CreateSC_Request(com.Agility.ComplianceSC_RequestPOJO.CreateSCRequest)[pri:2, instance:com.Agility.ComplianceSC_Tests.SanctionedCountryTestCases@7c51f34b]" started-at="2020-10-13T19:12:41 IST" name="SC_CreateSC_Request" data-provider="RC_test_data_provider" finished-at="2020-10-13T19:12:42 IST" duration-ms="149" status="PASS">
          <params>
            <param index="0">
              <value>
                <![CDATA[com.Agility.ComplianceSC_RequestPOJO.CreateSCRequest@58324c9f[requestId=0,consignmentId=CNSID0009,countryId=4,sancCountryId=7,sancBranchId=1,sancCountryType=new,modeOfTransportId=2,archive=0,requestedDate=2020-10-13T10:07:46.950Z,requestedBy=Rajesh Govindu,statusId=1,comments=status id is 2]]]>
              </value>
            </param>
          </params>
          <reporter-output>
          </reporter-output>
        </test-method> <!-- SC_CreateSC_Request -->
        <test-method signature="SaveSectionA()[pri:3, instance:com.Agility.ComplianceSC_Tests.SanctionedCountryTestCases@7c51f34b]" started-at="2020-10-13T19:12:42 IST" name="SaveSectionA" finished-at="2020-10-13T19:12:42 IST" duration-ms="276" status="PASS">
          <reporter-output>
          </reporter-output>
        </test-method> <!-- SaveSectionA -->
        <test-method signature="CompleteSectionA()[pri:4, instance:com.Agility.ComplianceSC_Tests.SanctionedCountryTestCases@7c51f34b]" started-at="2020-10-13T19:12:42 IST" name="CompleteSectionA" finished-at="2020-10-13T19:12:42 IST" duration-ms="148" status="PASS">
          <reporter-output>
          </reporter-output>
        </test-method> <!-- CompleteSectionA -->
        <test-method signature="SendToScreener()[pri:5, instance:com.Agility.ComplianceSC_Tests.SanctionedCountryTestCases@7c51f34b]" started-at="2020-10-13T19:12:42 IST" name="SendToScreener" finished-at="2020-10-13T19:12:42 IST" duration-ms="123" status="PASS">
          <reporter-output>
          </reporter-output>
        </test-method> <!-- SendToScreener -->
        <test-method signature="SC_ScreenerAuthentication(com.Agility.ComplianceSC_RequestPOJO.AuthenticateData)[pri:6, instance:com.Agility.ComplianceSC_Tests.SanctionedCountryTestCases@7c51f34b]" started-at="2020-10-13T19:12:42 IST" name="SC_ScreenerAuthentication" data-provider="RC_test_data_provider" finished-at="2020-10-13T19:12:42 IST" duration-ms="122" status="PASS">
          <params>
            <param index="0">
              <value>
                <![CDATA[com.Agility.ComplianceSC_RequestPOJO.AuthenticateData@72b0a004]]>
              </value>
            </param>
          </params>
          <reporter-output>
          </reporter-output>
        </test-method> <!-- SC_ScreenerAuthentication -->
        <test-method signature="SaveSecB()[pri:7, instance:com.Agility.ComplianceSC_Tests.SanctionedCountryTestCases@7c51f34b]" started-at="2020-10-13T19:12:42 IST" name="SaveSecB" finished-at="2020-10-13T19:12:43 IST" duration-ms="303" status="PASS">
          <reporter-output>
          </reporter-output>
        </test-method> <!-- SaveSecB -->
        <test-method signature="CompleteSecB()[pri:8, instance:com.Agility.ComplianceSC_Tests.SanctionedCountryTestCases@7c51f34b]" started-at="2020-10-13T19:12:43 IST" name="CompleteSecB" finished-at="2020-10-13T19:12:43 IST" duration-ms="264" status="PASS">
          <reporter-output>
          </reporter-output>
        </test-method> <!-- CompleteSecB -->
        <test-method signature="ApproveRequest()[pri:9, instance:com.Agility.ComplianceSC_Tests.SanctionedCountryTestCases@7c51f34b]" started-at="2020-10-13T19:12:43 IST" name="ApproveRequest" finished-at="2020-10-13T19:12:43 IST" duration-ms="116" status="PASS">
          <reporter-output>
          </reporter-output>
        </test-method> <!-- ApproveRequest -->
      </class> <!-- com.Agility.ComplianceSC_Tests.SanctionedCountryTestCases -->
    </test> <!-- Test -->
  </suite> <!-- RC_API_Suite -->
</testng-results>
