<?xml version="1.0" encoding="UTF-8"?>
<!-- Generated by org.testng.reporters.JUnitXMLReporter -->
<testsuite ignored="0" hostname="INHYDLRGOVINDU" failures="0" tests="9" name="Test" time="6.988" errors="0" timestamp="2020-10-13T19:12:43 IST">
  <testcase classname="com.Agility.ComplianceSC_Tests.SanctionedCountryTestCases" name="SC_CoordinatorAuthentication" time="5.085"/>
  <testcase classname="com.Agility.ComplianceSC_Tests.SanctionedCountryTestCases" name="SC_CreateSC_Request" time="0.149"/>
  <testcase classname="com.Agility.ComplianceSC_Tests.SanctionedCountryTestCases" name="SaveSectionA" time="0.276"/>
  <testcase classname="com.Agility.ComplianceSC_Tests.SanctionedCountryTestCases" name="CompleteSectionA" time="0.148"/>
  <testcase classname="com.Agility.ComplianceSC_Tests.SanctionedCountryTestCases" name="SendToScreener" time="0.123"/>
  <testcase classname="com.Agility.ComplianceSC_Tests.SanctionedCountryTestCases" name="SC_ScreenerAuthentication" time="0.122"/>
  <testcase classname="com.Agility.ComplianceSC_Tests.SanctionedCountryTestCases" name="SaveSecB" time="0.303"/>
  <testcase classname="com.Agility.ComplianceSC_Tests.SanctionedCountryTestCases" name="CompleteSecB" time="0.264"/>
  <testcase classname="com.Agility.ComplianceSC_Tests.SanctionedCountryTestCases" name="ApproveRequest" time="0.116"/>
</testsuite> <!-- Test -->
