<?xml version="1.0" encoding="UTF-8"?>
<!-- Generated by org.testng.reporters.JUnitXMLReporter -->
<testsuite ignored="0" hostname="INHYDLRGOVINDU" failures="0" tests="3" name="Test" time="12.87" errors="0" timestamp="2020-09-04T11:38:05 IST">
  <testcase classname="com.Agility.RCTests.RCAPITests" name="RC_GetToken" time="4.182"/>
  <testcase classname="com.Agility.RCTests.RCAPITests" name="FCL_RateSearch" time="4.837"/>
  <testcase classname="com.Agility.RCTests.RCAPITests" name="LCL_RateSearch" time="3.114"/>
</testsuite> <!-- Test -->
